2026-05-29T17:08:02.692Z attempt {"hasEmail":true,"hasPassword":true}
2026-05-29T17:08:03.091Z login-error {"name":"error","message":"relation \"users\" does not exist","code":"42P01","stack":"error: relation \"users\" does not exist\n    at C:\\Users\\Sithmi Sameepa\\Desktop\\complainProject\\complaint-system-backend-pern\\node_modules\\pg-pool\\index.js:45:11\n    at process.processTicksAndRejections (node:internal/process/task_queues:95:5)\n    at async Object.getUserByEmail (C:\\Users\\Sithmi Sameepa\\Desktop\\complainProject\\complaint-system-backend-pern\\queries\\userQueries.js:25:18)\n    at async login (C:\\Users\\Sithmi Sameepa\\Desktop\\complainProject\\complaint-system-backend-pern\\controllers\\admin\\authController.js:59:18)"}
2026-05-29T17:37:15.930Z attempt {"hasEmail":true,"hasPassword":true}
2026-05-29T17:37:18.910Z login-error {"name":"error","message":"relation \"users\" does not exist","code":"42P01","stack":"error: relation \"users\" does not exist\n    at C:\\Users\\Sithmi Sameepa\\Desktop\\complainProject\\complaint-system-backend-pern\\node_modules\\pg-pool\\index.js:45:11\n    at process.processTicksAndRejections (node:internal/process/task_queues:95:5)\n    at async Object.getUserByEmail (C:\\Users\\Sithmi Sameepa\\Desktop\\complainProject\\complaint-system-backend-pern\\queries\\userQueries.js:25:18)\n    at async login (C:\\Users\\Sithmi Sameepa\\Desktop\\complainProject\\complaint-system-backend-pern\\controllers\\admin\\authController.js:59:18)"}
2026-05-29T17:37:28.255Z attempt {"hasEmail":true,"hasPassword":true}
2026-05-29T17:37:28.496Z login-error {"name":"error","message":"relation \"users\" does not exist","code":"42P01","stack":"error: relation \"users\" does not exist\n    at C:\\Users\\Sithmi Sameepa\\Desktop\\complainProject\\complaint-system-backend-pern\\node_modules\\pg-pool\\index.js:45:11\n    at process.processTicksAndRejections (node:internal/process/task_queues:95:5)\n    at async Object.getUserByEmail (C:\\Users\\Sithmi Sameepa\\Desktop\\complainProject\\complaint-system-backend-pern\\queries\\userQueries.js:25:18)\n    at async login (C:\\Users\\Sithmi Sameepa\\Desktop\\complainProject\\complaint-system-backend-pern\\controllers\\admin\\authController.js:59:18)"}
2026-05-31T05:28:15.731Z attempt {"hasEmail":true,"hasPassword":true}
2026-05-31T05:28:15.897Z login-error {"name":"SequelizeDatabaseError","message":"relation \"users\" does not exist","stack":"Error\n    at Query.run (C:\\Users\\Sithmi Sameepa\\Desktop\\complainProject\\complaint-system-backend-pern\\node_modules\\sequelize\\lib\\dialects\\postgres\\query.js:50:25)\n    at C:\\Users\\Sithmi Sameepa\\Desktop\\complainProject\\complaint-system-backend-pern\\node_modules\\sequelize\\lib\\sequelize.js:315:28\n    at process.processTicksAndRejections (node:internal/process/task_queues:95:5)\n    at async Object.getUserByEmail (C:\\Users\\Sithmi Sameepa\\Desktop\\complainProject\\complaint-system-backend-pern\\queries\\userQueries.js:25:18)\n    at async login (C:\\Users\\Sithmi Sameepa\\Desktop\\complainProject\\complaint-system-backend-pern\\controllers\\admin\\authController.js:59:18)"}
2026-05-31T05:28:24.135Z attempt {"hasEmail":true,"hasPassword":true}
2026-05-31T05:28:24.144Z login-error {"name":"SequelizeDatabaseError","message":"relation \"users\" does not exist","stack":"Error\n    at Query.run (C:\\Users\\Sithmi Sameepa\\Desktop\\complainProject\\complaint-system-backend-pern\\node_modules\\sequelize\\lib\\dialects\\postgres\\query.js:50:25)\n    at C:\\Users\\Sithmi Sameepa\\Desktop\\complainProject\\complaint-system-backend-pern\\node_modules\\sequelize\\lib\\sequelize.js:315:28\n    at process.processTicksAndRejections (node:internal/process/task_queues:95:5)\n    at async Object.getUserByEmail (C:\\Users\\Sithmi Sameepa\\Desktop\\complainProject\\complaint-system-backend-pern\\queries\\userQueries.js:25:18)\n    at async login (C:\\Users\\Sithmi Sameepa\\Desktop\\complainProject\\complaint-system-backend-pern\\controllers\\admin\\authController.js:59:18)"}
2026-05-31T06:45:18.206Z attempt {"hasEmail":true,"hasPassword":true}
2026-05-31T06:45:18.309Z lookup {"found":true,"email":"admin@iau.com"}
2026-05-31T06:45:18.312Z normalized-user {"id":1,"role":"admin","isActive":true,"hasPasswordHash":true}
2026-05-31T06:45:18.488Z password-check {"email":"admin@iau.com","valid":false}
2026-05-31T06:45:31.276Z attempt {"hasEmail":true,"hasPassword":true}
2026-05-31T06:45:31.339Z lookup {"found":true,"email":"admin@iau.com"}
2026-05-31T06:45:31.341Z normalized-user {"id":1,"role":"admin","isActive":true,"hasPasswordHash":true}
2026-05-31T06:45:31.454Z password-check {"email":"admin@iau.com","valid":false}
2026-05-31T06:46:14.666Z attempt {"hasEmail":true,"hasPassword":true}
2026-05-31T06:46:14.774Z lookup {"found":true,"email":"admin@iau.com"}
2026-05-31T06:46:14.775Z normalized-user {"id":1,"role":"admin","isActive":true,"hasPasswordHash":true}
2026-05-31T06:46:14.907Z password-check {"email":"admin@iau.com","valid":true}
2026-05-31T06:50:51.312Z attempt {"hasEmail":true,"hasPassword":true}
2026-05-31T06:50:51.386Z lookup {"found":true,"email":"admin@iau.com"}
2026-05-31T06:50:51.388Z normalized-user {"id":1,"role":"admin","isActive":true,"hasPasswordHash":true}
2026-05-31T06:50:51.506Z password-check {"email":"admin@iau.com","valid":true}
2026-05-31T07:12:27.543Z attempt {"hasEmail":true,"hasPassword":true}
2026-05-31T07:12:27.664Z lookup {"found":true,"email":"admin@iau.com"}
2026-05-31T07:12:27.668Z normalized-user {"id":1,"role":"admin","isActive":true,"hasPasswordHash":true}
2026-05-31T07:12:28.037Z password-check {"email":"admin@iau.com","valid":true}
2026-05-31T07:20:02.792Z attempt {"hasEmail":true,"hasPassword":true}
2026-05-31T07:20:02.897Z lookup {"found":true,"email":"admin@iau.com"}
2026-05-31T07:20:02.901Z normalized-user {"id":1,"role":"admin","isActive":true,"hasPasswordHash":true}
2026-05-31T07:20:03.247Z password-check {"email":"admin@iau.com","valid":true}
2026-05-31T07:41:11.674Z attempt {"hasEmail":true,"hasPassword":true}
2026-05-31T07:41:11.789Z lookup {"found":true,"email":"admin@iau.com"}
2026-05-31T07:41:11.793Z normalized-user {"id":1,"role":"admin","isActive":true,"hasPasswordHash":true}
2026-05-31T07:41:12.148Z password-check {"email":"admin@iau.com","valid":true}
2026-05-31T07:42:46.884Z attempt {"hasEmail":true,"hasPassword":true}
2026-05-31T07:42:47.063Z lookup {"found":true,"email":"admin@iau.com"}
2026-05-31T07:42:47.066Z normalized-user {"id":1,"role":"admin","isActive":true,"hasPasswordHash":true}
2026-05-31T07:42:47.417Z password-check {"email":"admin@iau.com","valid":true}
2026-05-31T07:54:39.765Z attempt {"hasEmail":true,"hasPassword":true}
2026-05-31T07:54:39.870Z lookup {"found":true,"email":"admin@iau.com"}
2026-05-31T07:54:39.872Z normalized-user {"id":1,"role":"admin","isActive":true,"hasPasswordHash":true}
2026-05-31T07:54:40.185Z password-check {"email":"admin@iau.com","valid":true}
2026-05-31T07:56:36.162Z attempt {"hasEmail":true,"hasPassword":true}
2026-05-31T07:56:36.277Z lookup {"found":true,"email":"admin@iau.com"}
2026-05-31T07:56:36.281Z normalized-user {"id":1,"role":"admin","isActive":true,"hasPasswordHash":true}
2026-05-31T07:56:36.629Z password-check {"email":"admin@iau.com","valid":true}
2026-05-31T08:09:42.712Z attempt {"hasEmail":true,"hasPassword":true}
2026-05-31T08:09:42.881Z lookup {"found":true,"email":"admin@iau.com"}
2026-05-31T08:09:42.884Z normalized-user {"id":1,"role":"admin","isActive":true,"hasPasswordHash":true}
2026-05-31T08:09:43.058Z password-check {"email":"admin@iau.com","valid":true}
2026-05-31T08:13:28.854Z attempt {"hasEmail":true,"hasPassword":true}
2026-05-31T08:13:28.902Z lookup {"found":true,"email":"admin@iau.com"}
2026-05-31T08:13:28.904Z normalized-user {"id":1,"role":"admin","isActive":true,"hasPasswordHash":true}
2026-05-31T08:13:29.031Z password-check {"email":"admin@iau.com","valid":true}
2026-05-31T10:27:16.786Z attempt {"hasEmail":true,"hasPassword":true}
2026-05-31T10:27:16.937Z lookup {"found":true,"email":"admin@iau.com"}
2026-05-31T10:27:16.941Z normalized-user {"id":1,"role":"admin","isActive":true,"hasPasswordHash":true}
2026-05-31T10:27:17.488Z password-check {"email":"admin@iau.com","valid":true}
2026-05-31T11:38:11.703Z attempt {"hasEmail":true,"hasPassword":true}
2026-05-31T11:38:11.861Z lookup {"found":true,"email":"admin@iau.com"}
2026-05-31T11:38:11.866Z normalized-user {"id":1,"role":"admin","isActive":true,"hasPasswordHash":true}
2026-05-31T11:38:12.226Z password-check {"email":"admin@iau.com","valid":true}
2026-05-31T11:41:09.174Z attempt {"hasEmail":true,"hasPassword":true}
2026-05-31T11:41:09.281Z lookup {"found":true,"email":"admin@iau.com"}
2026-05-31T11:41:09.284Z normalized-user {"id":1,"role":"admin","isActive":true,"hasPasswordHash":true}
2026-05-31T11:41:09.593Z password-check {"email":"admin@iau.com","valid":true}
2026-05-31T12:27:20.581Z attempt {"hasEmail":true,"hasPassword":true}
2026-05-31T12:27:20.606Z lookup {"found":true,"email":"admin@iau.com"}
2026-05-31T12:27:20.610Z normalized-user {"id":1,"role":"admin","isActive":true,"hasPasswordHash":true}
2026-05-31T12:27:21.008Z password-check {"email":"admin@iau.com","valid":true}
2026-05-31T14:35:32.543Z attempt {"hasEmail":true,"hasPassword":true}
2026-05-31T14:35:32.711Z lookup {"found":true,"email":"admin@iau.com"}
2026-05-31T14:35:32.715Z normalized-user {"id":1,"role":"admin","isActive":true,"hasPasswordHash":true}
2026-05-31T14:35:33.176Z password-check {"email":"admin@iau.com","valid":true}
2026-05-31T14:37:59.653Z attempt {"hasEmail":true,"hasPassword":true}
2026-05-31T14:37:59.794Z lookup {"found":true,"email":"admin@iau.com"}
2026-05-31T14:37:59.797Z normalized-user {"id":1,"role":"admin","isActive":true,"hasPasswordHash":true}
2026-05-31T14:38:00.167Z password-check {"email":"admin@iau.com","valid":true}
2026-05-31T15:09:04.428Z attempt {"hasEmail":true,"hasPassword":true}
2026-05-31T15:09:04.606Z lookup {"found":true,"email":"admin@iau.com"}
2026-05-31T15:09:04.608Z normalized-user {"id":1,"role":"admin","isActive":true,"hasPasswordHash":true}
2026-05-31T15:09:04.735Z password-check {"email":"admin@iau.com","valid":true}
2026-05-31T15:23:39.686Z attempt {"hasEmail":true,"hasPassword":true}
2026-05-31T15:23:39.793Z lookup {"found":true,"email":"admin@iau.com"}
2026-05-31T15:23:39.795Z normalized-user {"id":1,"role":"admin","isActive":true,"hasPasswordHash":true}
2026-05-31T15:23:39.972Z password-check {"email":"admin@iau.com","valid":true}
2026-05-31T17:26:06.879Z attempt {"hasEmail":true,"hasPassword":true}
2026-05-31T17:26:07.078Z lookup {"found":true,"email":"admin@iau.com"}
2026-05-31T17:26:07.082Z normalized-user {"id":1,"role":"admin","isActive":true,"hasPasswordHash":true}
2026-05-31T17:26:07.453Z password-check {"email":"admin@iau.com","valid":true}
2026-05-31T17:49:44.247Z attempt {"hasEmail":true,"hasPassword":true}
2026-05-31T17:49:44.308Z lookup {"found":true,"email":"senior@iau.com"}
2026-05-31T17:49:44.309Z normalized-user {"id":2,"role":"senior_investigator","isActive":true,"hasPasswordHash":true}
2026-05-31T17:49:44.406Z password-check {"email":"senior@iau.com","valid":true}
2026-05-31T17:50:24.817Z attempt {"hasEmail":true,"hasPassword":true}
2026-05-31T17:50:24.884Z lookup {"found":true,"email":"officer1@iau.com"}
2026-05-31T17:50:24.886Z normalized-user {"id":3,"role":"officer","isActive":true,"hasPasswordHash":true}
2026-05-31T17:50:25.001Z password-check {"email":"officer1@iau.com","valid":true}
2026-05-31T17:52:30.813Z attempt {"hasEmail":true,"hasPassword":true}
2026-05-31T17:52:30.963Z lookup {"found":true,"email":"officer1@iau.com"}
2026-05-31T17:52:30.964Z normalized-user {"id":3,"role":"officer","isActive":true,"hasPasswordHash":true}
2026-05-31T17:52:31.046Z password-check {"email":"officer1@iau.com","valid":true}
2026-05-31T17:55:07.084Z attempt {"hasEmail":true,"hasPassword":true}
2026-05-31T17:55:07.147Z lookup {"found":true,"email":"officer1@iau.com"}
2026-05-31T17:55:07.150Z normalized-user {"id":3,"role":"officer","isActive":true,"hasPasswordHash":true}
2026-05-31T17:55:07.305Z password-check {"email":"officer1@iau.com","valid":true}
2026-05-31T17:56:37.422Z attempt {"hasEmail":true,"hasPassword":true}
2026-05-31T17:56:37.573Z lookup {"found":true,"email":"senior@iau.com"}
2026-05-31T17:56:37.577Z normalized-user {"id":2,"role":"senior_investigator","isActive":true,"hasPasswordHash":true}
2026-05-31T17:56:37.671Z password-check {"email":"senior@iau.com","valid":true}
2026-05-31T17:57:38.583Z attempt {"hasEmail":true,"hasPassword":true}
2026-05-31T17:57:38.654Z lookup {"found":true,"email":"ciaboc@iau.com"}
2026-05-31T17:57:38.659Z normalized-user {"id":5,"role":"ciaboc","isActive":true,"hasPasswordHash":true}
2026-05-31T17:57:38.766Z password-check {"email":"ciaboc@iau.com","valid":true}
2026-05-31T18:30:54.778Z attempt {"hasEmail":true,"hasPassword":true}
2026-05-31T18:30:54.958Z lookup {"found":true,"email":"admin@iau.com"}
2026-05-31T18:30:55.052Z normalized-user {"id":1,"role":"admin","isActive":true,"hasPasswordHash":true}
2026-05-31T18:30:55.481Z password-check {"email":"admin@iau.com","valid":true}
2026-05-31T18:31:23.223Z attempt {"hasEmail":true,"hasPassword":true}
2026-05-31T18:31:23.361Z lookup {"found":true,"email":"officer1@iau.com"}
2026-05-31T18:31:23.365Z normalized-user {"id":3,"role":"officer","isActive":true,"hasPasswordHash":true}
2026-05-31T18:31:23.742Z password-check {"email":"officer1@iau.com","valid":true}
2026-05-31T18:32:16.522Z attempt {"hasEmail":true,"hasPassword":true}
2026-05-31T18:32:16.640Z lookup {"found":true,"email":"officer2@iau.com"}
2026-05-31T18:32:16.644Z normalized-user {"id":4,"role":"officer","isActive":true,"hasPasswordHash":true}
2026-05-31T18:32:16.969Z password-check {"email":"officer2@iau.com","valid":true}
2026-05-31T18:33:38.730Z attempt {"hasEmail":true,"hasPassword":true}
2026-05-31T18:33:39.002Z lookup {"found":true,"email":"senior@iau.com"}
2026-05-31T18:33:39.006Z normalized-user {"id":2,"role":"senior_investigator","isActive":true,"hasPasswordHash":true}
2026-05-31T18:33:39.450Z password-check {"email":"senior@iau.com","valid":true}
2026-05-31T18:33:59.509Z attempt {"hasEmail":true,"hasPassword":true}
2026-05-31T18:33:59.612Z lookup {"found":true,"email":"officer2@iau.com"}
2026-05-31T18:33:59.614Z normalized-user {"id":4,"role":"officer","isActive":true,"hasPasswordHash":true}
2026-05-31T18:33:59.931Z password-check {"email":"officer2@iau.com","valid":true}
2026-05-31T18:55:41.513Z attempt {"hasEmail":true,"hasPassword":true}
2026-05-31T18:55:41.657Z lookup {"found":true,"email":"ciaboc@iau.com"}
2026-05-31T18:55:41.662Z normalized-user {"id":5,"role":"ciaboc","isActive":true,"hasPasswordHash":true}
2026-05-31T18:55:42.108Z password-check {"email":"ciaboc@iau.com","valid":true}
2026-05-31T18:55:53.090Z attempt {"hasEmail":true,"hasPassword":true}
2026-05-31T18:55:53.193Z lookup {"found":true,"email":"officer1@iau.com"}
2026-05-31T18:55:53.197Z normalized-user {"id":3,"role":"officer","isActive":true,"hasPasswordHash":true}
2026-05-31T18:55:53.504Z password-check {"email":"officer1@iau.com","valid":true}
2026-05-31T18:57:05.479Z attempt {"hasEmail":true,"hasPassword":true}
2026-05-31T18:57:05.548Z lookup {"found":true,"email":"officer1@iau.com"}
2026-05-31T18:57:05.550Z normalized-user {"id":3,"role":"officer","isActive":true,"hasPasswordHash":true}
2026-05-31T18:57:05.681Z password-check {"email":"officer1@iau.com","valid":true}
2026-05-31T19:01:08.593Z attempt {"hasEmail":true,"hasPassword":true}
2026-05-31T19:01:08.752Z lookup {"found":true,"email":"senior@iau.com"}
2026-05-31T19:01:08.762Z normalized-user {"id":2,"role":"senior_investigator","isActive":true,"hasPasswordHash":true}
2026-05-31T19:01:08.929Z password-check {"email":"senior@iau.com","valid":true}
2026-05-31T19:19:00.182Z attempt {"hasEmail":true,"hasPassword":true}
2026-05-31T19:19:00.331Z lookup {"found":true,"email":"officer1@iau.com"}
2026-05-31T19:19:00.333Z normalized-user {"id":3,"role":"officer","isActive":true,"hasPasswordHash":true}
2026-05-31T19:19:00.469Z password-check {"email":"officer1@iau.com","valid":true}
2026-05-31T19:19:13.868Z attempt {"hasEmail":true,"hasPassword":true}
2026-05-31T19:19:13.913Z lookup {"found":true,"email":"admin@iau.com"}
2026-05-31T19:19:13.914Z normalized-user {"id":1,"role":"admin","isActive":true,"hasPasswordHash":true}
2026-05-31T19:19:14.019Z password-check {"email":"admin@iau.com","valid":true}
2026-05-31T19:21:17.399Z attempt {"hasEmail":true,"hasPassword":true}
2026-05-31T19:21:17.477Z lookup {"found":true,"email":"senior@iau.com"}
2026-05-31T19:21:17.479Z normalized-user {"id":2,"role":"senior_investigator","isActive":true,"hasPasswordHash":true}
2026-05-31T19:21:17.616Z password-check {"email":"senior@iau.com","valid":true}
2026-05-31T19:21:56.311Z attempt {"hasEmail":true,"hasPassword":true}
2026-05-31T19:21:56.358Z lookup {"found":true,"email":"ciaboc@iau.com"}
2026-05-31T19:21:56.360Z normalized-user {"id":5,"role":"ciaboc","isActive":true,"hasPasswordHash":true}
2026-05-31T19:21:56.467Z password-check {"email":"ciaboc@iau.com","valid":true}
2026-05-31T19:23:31.036Z attempt {"hasEmail":true,"hasPassword":true}
2026-05-31T19:23:31.092Z lookup {"found":true,"email":"senior@iau.com"}
2026-05-31T19:23:31.093Z normalized-user {"id":2,"role":"senior_investigator","isActive":true,"hasPasswordHash":true}
2026-05-31T19:23:31.219Z password-check {"email":"senior@iau.com","valid":true}
2026-05-31T19:26:11.049Z attempt {"hasEmail":true,"hasPassword":true}
2026-05-31T19:26:11.128Z lookup {"found":true,"email":"ciaboc@iau.com"}
2026-05-31T19:26:11.130Z normalized-user {"id":5,"role":"ciaboc","isActive":true,"hasPasswordHash":true}
2026-05-31T19:26:11.353Z password-check {"email":"ciaboc@iau.com","valid":true}
2026-05-31T19:45:32.790Z attempt {"hasEmail":true,"hasPassword":true}
2026-05-31T19:45:32.851Z lookup {"found":true,"email":"admin@iau.com"}
2026-05-31T19:45:32.852Z normalized-user {"id":1,"role":"admin","isActive":true,"hasPasswordHash":true}
2026-05-31T19:45:32.982Z password-check {"email":"admin@iau.com","valid":true}
2026-05-31T19:48:30.287Z attempt {"hasEmail":true,"hasPassword":true}
2026-05-31T19:48:30.379Z lookup {"found":true,"email":"ciaboc@iau.com"}
2026-05-31T19:48:30.381Z normalized-user {"id":5,"role":"ciaboc","isActive":true,"hasPasswordHash":true}
2026-05-31T19:48:30.496Z password-check {"email":"ciaboc@iau.com","valid":true}
2026-05-31T19:49:21.286Z attempt {"hasEmail":true,"hasPassword":true}
2026-05-31T19:49:21.364Z lookup {"found":true,"email":"ciaboc@iau.com"}
2026-05-31T19:49:21.367Z normalized-user {"id":5,"role":"ciaboc","isActive":true,"hasPasswordHash":true}
2026-05-31T19:49:21.518Z password-check {"email":"ciaboc@iau.com","valid":true}
2026-05-31T19:49:36.216Z attempt {"hasEmail":true,"hasPassword":true}
2026-05-31T19:49:36.262Z lookup {"found":true,"email":"senior@iau.com"}
2026-05-31T19:49:36.263Z normalized-user {"id":2,"role":"senior_investigator","isActive":true,"hasPasswordHash":true}
2026-05-31T19:49:36.370Z password-check {"email":"senior@iau.com","valid":true}
2026-05-31T19:51:12.577Z attempt {"hasEmail":true,"hasPassword":true}
2026-05-31T19:51:12.691Z lookup {"found":true,"email":"ciaboc@iau.com"}
2026-05-31T19:51:12.693Z normalized-user {"id":5,"role":"ciaboc","isActive":true,"hasPasswordHash":true}
2026-05-31T19:51:12.904Z password-check {"email":"ciaboc@iau.com","valid":true}
2026-05-31T19:51:23.469Z attempt {"hasEmail":true,"hasPassword":true}
2026-05-31T19:51:23.529Z lookup {"found":true,"email":"officer1@iau.com"}
2026-05-31T19:51:23.530Z normalized-user {"id":3,"role":"officer","isActive":true,"hasPasswordHash":true}
2026-05-31T19:51:23.650Z password-check {"email":"officer1@iau.com","valid":true}
2026-05-31T19:51:41.350Z attempt {"hasEmail":true,"hasPassword":true}
2026-05-31T19:51:41.418Z lookup {"found":true,"email":"senior@iau.com"}
2026-05-31T19:51:41.419Z normalized-user {"id":2,"role":"senior_investigator","isActive":true,"hasPasswordHash":true}
2026-05-31T19:51:41.570Z password-check {"email":"senior@iau.com","valid":true}
2026-05-31T19:52:31.713Z attempt {"hasEmail":true,"hasPassword":true}
2026-05-31T19:52:31.717Z lookup {"found":true,"email":"ciaboc@iau.com"}
2026-05-31T19:52:31.718Z normalized-user {"id":5,"role":"ciaboc","isActive":true,"hasPasswordHash":true}
2026-05-31T19:52:31.829Z password-check {"email":"ciaboc@iau.com","valid":true}
2026-05-31T20:03:43.727Z attempt {"hasEmail":true,"hasPassword":true}
2026-05-31T20:03:43.794Z lookup {"found":true,"email":"ciaboc@iau.com"}
2026-05-31T20:03:43.796Z normalized-user {"id":5,"role":"ciaboc","isActive":true,"hasPasswordHash":true}
2026-05-31T20:03:43.926Z password-check {"email":"ciaboc@iau.com","valid":true}
2026-05-31T20:05:08.024Z attempt {"hasEmail":true,"hasPassword":true}
2026-05-31T20:05:08.081Z lookup {"found":true,"email":"officer1@iau.com"}
2026-05-31T20:05:08.082Z normalized-user {"id":3,"role":"officer","isActive":true,"hasPasswordHash":true}
2026-05-31T20:05:08.186Z password-check {"email":"officer1@iau.com","valid":true}
2026-05-31T20:05:22.720Z attempt {"hasEmail":true,"hasPassword":true}
2026-05-31T20:05:22.768Z lookup {"found":true,"email":"senior@iau.com"}
2026-05-31T20:05:22.770Z normalized-user {"id":2,"role":"senior_investigator","isActive":true,"hasPasswordHash":true}
2026-05-31T20:05:22.878Z password-check {"email":"senior@iau.com","valid":true}
2026-06-01T04:25:57.705Z attempt {"hasEmail":true,"hasPassword":true}
2026-06-01T04:25:57.906Z lookup {"found":true,"email":"senior@iau.com"}
2026-06-01T04:25:57.910Z normalized-user {"id":2,"role":"senior_investigator","isActive":true,"hasPasswordHash":true}
2026-06-01T04:25:58.324Z password-check {"email":"senior@iau.com","valid":true}
2026-06-01T04:26:21.657Z attempt {"hasEmail":true,"hasPassword":true}
2026-06-01T04:26:21.761Z lookup {"found":true,"email":"ciaboc@iau.com"}
2026-06-01T04:26:21.764Z normalized-user {"id":5,"role":"ciaboc","isActive":true,"hasPasswordHash":true}
2026-06-01T04:26:22.070Z password-check {"email":"ciaboc@iau.com","valid":true}
2026-06-01T04:26:37.039Z attempt {"hasEmail":true,"hasPassword":true}
2026-06-01T04:26:37.042Z lookup {"found":true,"email":"officer1@iau.com"}
2026-06-01T04:26:37.043Z normalized-user {"id":3,"role":"officer","isActive":true,"hasPasswordHash":true}
2026-06-01T04:26:37.359Z password-check {"email":"officer1@iau.com","valid":true}
2026-06-01T04:30:46.913Z attempt {"hasEmail":true,"hasPassword":true}
2026-06-01T04:30:47.009Z lookup {"found":true,"email":"senior@iau.com"}
2026-06-01T04:30:47.012Z normalized-user {"id":2,"role":"senior_investigator","isActive":true,"hasPasswordHash":true}
2026-06-01T04:30:47.318Z password-check {"email":"senior@iau.com","valid":true}
2026-06-01T04:33:08.436Z attempt {"hasEmail":true,"hasPassword":true}
2026-06-01T04:33:08.551Z lookup {"found":true,"email":"ciaboc@iau.com"}
2026-06-01T04:33:08.554Z normalized-user {"id":5,"role":"ciaboc","isActive":true,"hasPasswordHash":true}
2026-06-01T04:33:08.855Z password-check {"email":"ciaboc@iau.com","valid":true}
2026-06-01T05:09:08.088Z attempt {"hasEmail":true,"hasPassword":true}
2026-06-01T05:09:08.291Z lookup {"found":true,"email":"admin@iau.com"}
2026-06-01T05:09:08.299Z normalized-user {"id":1,"role":"admin","isActive":true,"hasPasswordHash":true}
2026-06-01T05:09:08.685Z password-check {"email":"admin@iau.com","valid":true}
2026-06-01T05:22:24.702Z attempt {"hasEmail":true,"hasPassword":true}
2026-06-01T05:22:24.862Z lookup {"found":true,"email":"officer1@iau.com"}
2026-06-01T05:22:24.866Z normalized-user {"id":3,"role":"officer","isActive":true,"hasPasswordHash":true}
2026-06-01T05:22:25.187Z password-check {"email":"officer1@iau.com","valid":true}
2026-06-01T05:23:06.276Z attempt {"hasEmail":true,"hasPassword":true}
2026-06-01T05:23:06.423Z lookup {"found":true,"email":"officer1@iau.com"}
2026-06-01T05:23:06.427Z normalized-user {"id":3,"role":"officer","isActive":true,"hasPasswordHash":true}
2026-06-01T05:23:06.825Z password-check {"email":"officer1@iau.com","valid":true}
2026-06-01T05:26:01.588Z attempt {"hasEmail":true,"hasPassword":true}
2026-06-01T05:26:01.852Z lookup {"found":true,"email":"senior@iau.com"}
2026-06-01T05:26:01.858Z normalized-user {"id":2,"role":"senior_investigator","isActive":true,"hasPasswordHash":true}
2026-06-01T05:26:02.216Z password-check {"email":"senior@iau.com","valid":true}
2026-06-01T05:26:52.804Z attempt {"hasEmail":true,"hasPassword":true}
2026-06-01T05:26:52.941Z lookup {"found":true,"email":"officer2@iau.com"}
2026-06-01T05:26:52.946Z normalized-user {"id":4,"role":"officer","isActive":true,"hasPasswordHash":true}
2026-06-01T05:26:53.284Z password-check {"email":"officer2@iau.com","valid":true}
2026-06-01T05:27:12.004Z attempt {"hasEmail":true,"hasPassword":true}
2026-06-01T05:27:12.149Z lookup {"found":true,"email":"senior@iau.com"}
2026-06-01T05:27:12.155Z normalized-user {"id":2,"role":"senior_investigator","isActive":true,"hasPasswordHash":true}
2026-06-01T05:27:12.563Z password-check {"email":"senior@iau.com","valid":true}
2026-06-01T13:48:24.900Z attempt {"hasEmail":true,"hasPassword":true}
2026-06-01T13:48:25.026Z lookup {"found":true,"email":"admin@iau.com"}
2026-06-01T13:48:25.028Z normalized-user {"id":1,"role":"admin","isActive":true,"hasPasswordHash":true}
2026-06-01T13:48:25.215Z password-check {"email":"admin@iau.com","valid":true}
2026-06-01T13:49:18.103Z attempt {"hasEmail":true,"hasPassword":true}
2026-06-01T13:49:18.154Z lookup {"found":true,"email":"officer1@iau.com"}
2026-06-01T13:49:18.156Z normalized-user {"id":3,"role":"officer","isActive":true,"hasPasswordHash":true}
2026-06-01T13:49:18.300Z password-check {"email":"officer1@iau.com","valid":true}
2026-06-01T13:49:46.486Z attempt {"hasEmail":true,"hasPassword":true}
2026-06-01T13:49:46.534Z lookup {"found":true,"email":"senior@iau.com"}
2026-06-01T13:49:46.535Z normalized-user {"id":2,"role":"senior_investigator","isActive":true,"hasPasswordHash":true}
2026-06-01T13:49:46.671Z password-check {"email":"senior@iau.com","valid":true}
2026-06-01T13:51:03.423Z attempt {"hasEmail":true,"hasPassword":true}
2026-06-01T13:51:03.490Z lookup {"found":true,"email":"officer1@iau.com"}
2026-06-01T13:51:03.491Z normalized-user {"id":3,"role":"officer","isActive":true,"hasPasswordHash":true}
2026-06-01T13:51:03.705Z password-check {"email":"officer1@iau.com","valid":true}
2026-06-01T13:51:41.601Z attempt {"hasEmail":true,"hasPassword":true}
2026-06-01T13:51:41.608Z lookup {"found":true,"email":"ciaboc@iau.com"}
2026-06-01T13:51:41.611Z normalized-user {"id":5,"role":"ciaboc","isActive":true,"hasPasswordHash":true}
2026-06-01T13:51:41.756Z password-check {"email":"ciaboc@iau.com","valid":true}
2026-06-01T17:08:11.750Z attempt {"hasEmail":true,"hasPassword":true}
2026-06-01T17:08:11.996Z lookup {"found":true,"email":"officer2@iau.com"}
2026-06-01T17:08:12.000Z normalized-user {"id":4,"role":"officer","isActive":true,"hasPasswordHash":true}
2026-06-01T17:08:12.477Z password-check {"email":"officer2@iau.com","valid":true}
2026-06-01T17:24:33.841Z attempt {"hasEmail":true,"hasPassword":true}
2026-06-01T17:24:34.038Z lookup {"found":true,"email":"officer2@iau.com"}
2026-06-01T17:24:34.042Z normalized-user {"id":4,"role":"officer","isActive":true,"hasPasswordHash":true}
2026-06-01T17:24:34.435Z password-check {"email":"officer2@iau.com","valid":true}
2026-06-01T17:26:23.291Z attempt {"hasEmail":true,"hasPassword":true}
2026-06-01T17:26:23.296Z lookup {"found":true,"email":"officer1@iau.com"}
2026-06-01T17:26:23.298Z normalized-user {"id":3,"role":"officer","isActive":true,"hasPasswordHash":true}
2026-06-01T17:26:23.631Z password-check {"email":"officer1@iau.com","valid":true}
2026-06-01T17:26:38.306Z attempt {"hasEmail":true,"hasPassword":true}
2026-06-01T17:26:38.313Z lookup {"found":true,"email":"senior@iau.com"}
2026-06-01T17:26:38.318Z normalized-user {"id":2,"role":"senior_investigator","isActive":true,"hasPasswordHash":true}
2026-06-01T17:26:38.629Z password-check {"email":"senior@iau.com","valid":true}
2026-06-01T17:27:15.322Z attempt {"hasEmail":true,"hasPassword":true}
2026-06-01T17:27:15.455Z lookup {"found":true,"email":"senior@iau.com"}
2026-06-01T17:27:15.460Z normalized-user {"id":2,"role":"senior_investigator","isActive":true,"hasPasswordHash":true}
2026-06-01T17:27:15.813Z password-check {"email":"senior@iau.com","valid":true}
2026-06-01T17:27:55.958Z attempt {"hasEmail":true,"hasPassword":true}
2026-06-01T17:27:55.967Z lookup {"found":true,"email":"admin@iau.com"}
2026-06-01T17:27:55.971Z normalized-user {"id":1,"role":"admin","isActive":true,"hasPasswordHash":true}
2026-06-01T17:27:56.334Z password-check {"email":"admin@iau.com","valid":true}
2026-06-01T17:28:03.622Z attempt {"hasEmail":true,"hasPassword":true}
2026-06-01T17:28:03.631Z lookup {"found":true,"email":"ciaboc@iau.com"}
2026-06-01T17:28:03.636Z normalized-user {"id":5,"role":"ciaboc","isActive":true,"hasPasswordHash":true}
2026-06-01T17:28:03.988Z password-check {"email":"ciaboc@iau.com","valid":true}
2026-06-01T17:28:43.799Z attempt {"hasEmail":true,"hasPassword":true}
2026-06-01T17:28:43.903Z lookup {"found":true,"email":"admin@iau.com"}
2026-06-01T17:28:43.906Z normalized-user {"id":1,"role":"admin","isActive":true,"hasPasswordHash":true}
2026-06-01T17:28:44.209Z password-check {"email":"admin@iau.com","valid":true}
2026-06-01T17:41:37.254Z attempt {"hasEmail":true,"hasPassword":true}
2026-06-01T17:41:37.519Z lookup {"found":true,"email":"admin@iau.com"}
2026-06-01T17:41:37.525Z normalized-user {"id":1,"role":"admin","isActive":true,"hasPasswordHash":true}
2026-06-01T17:41:37.999Z password-check {"email":"admin@iau.com","valid":true}
2026-06-01T17:54:46.605Z attempt {"hasEmail":true,"hasPassword":true}
2026-06-01T17:54:46.700Z lookup {"found":true,"email":"senior@iau.com"}
2026-06-01T17:54:46.703Z normalized-user {"id":2,"role":"senior_investigator","isActive":true,"hasPasswordHash":true}
2026-06-01T17:54:47.033Z password-check {"email":"senior@iau.com","valid":true}
2026-06-01T17:55:11.424Z attempt {"hasEmail":true,"hasPassword":true}
2026-06-01T17:55:11.563Z lookup {"found":true,"email":"ciaboc@iau.com"}
2026-06-01T17:55:11.567Z normalized-user {"id":5,"role":"ciaboc","isActive":true,"hasPasswordHash":true}
2026-06-01T17:55:11.916Z password-check {"email":"ciaboc@iau.com","valid":true}
2026-06-02T03:37:14.856Z attempt {"hasEmail":true,"hasPassword":true}
2026-06-02T03:37:15.090Z lookup {"found":true,"email":"senior@iau.com"}
2026-06-02T03:37:15.099Z normalized-user {"id":2,"role":"senior_investigator","isActive":true,"hasPasswordHash":true}
2026-06-02T03:37:15.522Z password-check {"email":"senior@iau.com","valid":true}
2026-06-02T03:38:24.300Z attempt {"hasEmail":true,"hasPassword":true}
2026-06-02T03:38:24.308Z lookup {"found":true,"email":"officer1@iau.com"}
2026-06-02T03:38:24.316Z normalized-user {"id":3,"role":"officer","isActive":true,"hasPasswordHash":true}
2026-06-02T03:38:24.654Z password-check {"email":"officer1@iau.com","valid":true}
2026-06-02T03:38:56.376Z attempt {"hasEmail":true,"hasPassword":true}
2026-06-02T03:38:56.383Z lookup {"found":true,"email":"admin@iau.com"}
2026-06-02T03:38:56.389Z normalized-user {"id":1,"role":"admin","isActive":true,"hasPasswordHash":true}
2026-06-02T03:38:56.719Z password-check {"email":"admin@iau.com","valid":true}
2026-06-02T03:45:05.309Z attempt {"hasEmail":true,"hasPassword":true}
2026-06-02T03:45:05.332Z lookup {"found":true,"email":"senior@iau.com"}
2026-06-02T03:45:05.335Z normalized-user {"id":2,"role":"senior_investigator","isActive":true,"hasPasswordHash":true}
2026-06-02T03:45:05.689Z password-check {"email":"senior@iau.com","valid":true}
2026-06-02T03:45:34.855Z attempt {"hasEmail":true,"hasPassword":true}
2026-06-02T03:45:34.940Z lookup {"found":true,"email":"admin@iau.com"}
2026-06-02T03:45:34.944Z normalized-user {"id":1,"role":"admin","isActive":true,"hasPasswordHash":true}
2026-06-02T03:45:35.244Z password-check {"email":"admin@iau.com","valid":true}
2026-06-02T03:46:46.778Z attempt {"hasEmail":true,"hasPassword":true}
2026-06-02T03:46:46.788Z lookup {"found":true,"email":"admin@iau.com"}
2026-06-02T03:46:46.797Z normalized-user {"id":1,"role":"admin","isActive":true,"hasPasswordHash":true}
2026-06-02T03:46:47.186Z password-check {"email":"admin@iau.com","valid":true}
2026-06-02T03:47:01.845Z attempt {"hasEmail":true,"hasPassword":true}
2026-06-02T03:47:01.852Z lookup {"found":true,"email":"officer1@iau.com"}
2026-06-02T03:47:01.857Z normalized-user {"id":3,"role":"officer","isActive":true,"hasPasswordHash":true}
2026-06-02T03:47:02.254Z password-check {"email":"officer1@iau.com","valid":true}
2026-06-02T03:47:29.051Z attempt {"hasEmail":true,"hasPassword":true}
2026-06-02T03:47:29.155Z lookup {"found":true,"email":"officer1@iau.com"}
2026-06-02T03:47:29.159Z normalized-user {"id":3,"role":"officer","isActive":true,"hasPasswordHash":true}
2026-06-02T03:47:29.466Z password-check {"email":"officer1@iau.com","valid":true}
2026-06-02T03:48:06.296Z attempt {"hasEmail":true,"hasPassword":true}
2026-06-02T03:48:06.407Z lookup {"found":true,"email":"officer2@iau.com"}
2026-06-02T03:48:06.410Z normalized-user {"id":4,"role":"officer","isActive":true,"hasPasswordHash":true}
2026-06-02T03:48:06.735Z password-check {"email":"officer2@iau.com","valid":true}
2026-06-02T03:48:44.020Z attempt {"hasEmail":true,"hasPassword":true}
2026-06-02T03:48:44.030Z lookup {"found":true,"email":"admin@iau.com"}
2026-06-02T03:48:44.036Z normalized-user {"id":1,"role":"admin","isActive":true,"hasPasswordHash":true}
2026-06-02T03:48:44.403Z password-check {"email":"admin@iau.com","valid":true}
2026-06-02T03:48:57.788Z attempt {"hasEmail":true,"hasPassword":true}
2026-06-02T03:48:57.796Z lookup {"found":true,"email":"officer1@iau.com"}
2026-06-02T03:48:57.799Z normalized-user {"id":3,"role":"officer","isActive":true,"hasPasswordHash":true}
2026-06-02T03:48:58.128Z password-check {"email":"officer1@iau.com","valid":true}
2026-06-02T03:51:17.657Z attempt {"hasEmail":true,"hasPassword":true}
2026-06-02T03:51:17.773Z lookup {"found":true,"email":"officer1@iau.com"}
2026-06-02T03:51:17.777Z normalized-user {"id":3,"role":"officer","isActive":true,"hasPasswordHash":true}
2026-06-02T03:51:18.080Z password-check {"email":"officer1@iau.com","valid":true}
2026-06-02T04:06:36.337Z attempt {"hasEmail":true,"hasPassword":true}
2026-06-02T04:06:36.554Z lookup {"found":true,"email":"officer1@iau.com"}
2026-06-02T04:06:36.558Z normalized-user {"id":3,"role":"officer","isActive":true,"hasPasswordHash":true}
2026-06-02T04:06:36.943Z password-check {"email":"officer1@iau.com","valid":true}
2026-06-02T04:09:02.274Z attempt {"hasEmail":true,"hasPassword":true}
2026-06-02T04:09:02.377Z lookup {"found":true,"email":"ciaboc@iau.com"}
2026-06-02T04:09:02.380Z normalized-user {"id":5,"role":"ciaboc","isActive":true,"hasPasswordHash":true}
2026-06-02T04:09:02.687Z password-check {"email":"ciaboc@iau.com","valid":true}
2026-06-02T04:10:46.634Z attempt {"hasEmail":true,"hasPassword":true}
2026-06-02T04:10:46.735Z lookup {"found":true,"email":"ciaboc@iau.com"}
2026-06-02T04:10:46.737Z normalized-user {"id":5,"role":"ciaboc","isActive":true,"hasPasswordHash":true}
2026-06-02T04:10:47.054Z password-check {"email":"ciaboc@iau.com","valid":true}
2026-06-02T04:12:01.473Z attempt {"hasEmail":true,"hasPassword":true}
2026-06-02T04:12:01.697Z lookup {"found":true,"email":"senior@iau.com"}
2026-06-02T04:12:01.700Z normalized-user {"id":2,"role":"senior_investigator","isActive":true,"hasPasswordHash":true}
2026-06-02T04:12:02.009Z password-check {"email":"senior@iau.com","valid":true}
2026-06-02T04:15:14.574Z attempt {"hasEmail":true,"hasPassword":true}
2026-06-02T04:15:14.586Z lookup {"found":true,"email":"ciaboc@iau.com"}
2026-06-02T04:15:14.591Z normalized-user {"id":5,"role":"ciaboc","isActive":true,"hasPasswordHash":true}
2026-06-02T04:15:15.039Z password-check {"email":"ciaboc@iau.com","valid":true}
2026-06-02T04:17:52.862Z attempt {"hasEmail":true,"hasPassword":true}
2026-06-02T04:17:53.093Z lookup {"found":true,"email":"admin@iau.com"}
2026-06-02T04:17:53.108Z normalized-user {"id":1,"role":"admin","isActive":true,"hasPasswordHash":true}
2026-06-02T04:17:53.658Z password-check {"email":"admin@iau.com","valid":true}
2026-06-02T04:18:35.690Z attempt {"hasEmail":true,"hasPassword":true}
2026-06-02T04:18:35.808Z lookup {"found":true,"email":"ciaboc@iau.com"}
2026-06-02T04:18:35.812Z normalized-user {"id":5,"role":"ciaboc","isActive":true,"hasPasswordHash":true}
2026-06-02T04:18:36.124Z password-check {"email":"ciaboc@iau.com","valid":true}
2026-06-02T04:20:47.148Z attempt {"hasEmail":true,"hasPassword":true}
2026-06-02T04:20:47.236Z lookup {"found":true,"email":"senior@iau.com"}
2026-06-02T04:20:47.241Z normalized-user {"id":2,"role":"senior_investigator","isActive":true,"hasPasswordHash":true}
2026-06-02T04:20:47.599Z password-check {"email":"senior@iau.com","valid":true}
2026-06-02T04:27:05.185Z attempt {"hasEmail":true,"hasPassword":true}
2026-06-02T04:27:05.304Z lookup {"found":true,"email":"officer1@iau.com"}
2026-06-02T04:27:05.308Z normalized-user {"id":3,"role":"officer","isActive":true,"hasPasswordHash":true}
2026-06-02T04:27:05.664Z password-check {"email":"officer1@iau.com","valid":true}
2026-06-02T04:29:02.148Z attempt {"hasEmail":true,"hasPassword":true}
2026-06-02T04:29:02.155Z lookup {"found":true,"email":"admin@iau.com"}
2026-06-02T04:29:02.159Z normalized-user {"id":1,"role":"admin","isActive":true,"hasPasswordHash":true}
2026-06-02T04:29:02.475Z password-check {"email":"admin@iau.com","valid":true}
2026-06-02T04:29:14.657Z attempt {"hasEmail":true,"hasPassword":true}
2026-06-02T04:29:14.756Z lookup {"found":true,"email":"senior@iau.com"}
2026-06-02T04:29:14.760Z normalized-user {"id":2,"role":"senior_investigator","isActive":true,"hasPasswordHash":true}
2026-06-02T04:29:15.118Z password-check {"email":"senior@iau.com","valid":true}
2026-06-02T04:29:53.840Z attempt {"hasEmail":true,"hasPassword":true}
2026-06-02T04:29:53.933Z lookup {"found":true,"email":"senior@iau.com"}
2026-06-02T04:29:53.936Z normalized-user {"id":2,"role":"senior_investigator","isActive":true,"hasPasswordHash":true}
2026-06-02T04:29:54.247Z password-check {"email":"senior@iau.com","valid":true}
2026-06-02T04:30:04.136Z attempt {"hasEmail":true,"hasPassword":true}
2026-06-02T04:30:04.142Z lookup {"found":true,"email":"ciaboc@iau.com"}
2026-06-02T04:30:04.146Z normalized-user {"id":5,"role":"ciaboc","isActive":true,"hasPasswordHash":true}
2026-06-02T04:30:04.472Z password-check {"email":"ciaboc@iau.com","valid":true}
2026-06-02T04:49:28.172Z attempt {"hasEmail":true,"hasPassword":true}
2026-06-02T04:49:28.326Z lookup {"found":true,"email":"admin@iau.com"}
2026-06-02T04:49:28.331Z normalized-user {"id":1,"role":"admin","isActive":true,"hasPasswordHash":true}
2026-06-02T04:49:28.704Z password-check {"email":"admin@iau.com","valid":true}
2026-06-02T04:51:56.797Z attempt {"hasEmail":true,"hasPassword":true}
2026-06-02T04:51:56.924Z lookup {"found":true,"email":"officer1@iau.com"}
2026-06-02T04:51:56.928Z normalized-user {"id":3,"role":"officer","isActive":true,"hasPasswordHash":true}
2026-06-02T04:51:57.247Z password-check {"email":"officer1@iau.com","valid":true}
2026-06-02T04:53:04.433Z attempt {"hasEmail":true,"hasPassword":true}
2026-06-02T04:53:04.552Z lookup {"found":true,"email":"ciaboc@iau.com"}
2026-06-02T04:53:04.556Z normalized-user {"id":5,"role":"ciaboc","isActive":true,"hasPasswordHash":true}
2026-06-02T04:53:04.880Z password-check {"email":"ciaboc@iau.com","valid":true}
2026-06-02T04:53:31.095Z attempt {"hasEmail":true,"hasPassword":true}
2026-06-02T04:53:31.238Z lookup {"found":true,"email":"senior@iau.com"}
2026-06-02T04:53:31.242Z normalized-user {"id":2,"role":"senior_investigator","isActive":true,"hasPasswordHash":true}
2026-06-02T04:53:31.614Z password-check {"email":"senior@iau.com","valid":true}
2026-06-02T04:54:31.113Z attempt {"hasEmail":true,"hasPassword":true}
2026-06-02T04:54:31.244Z lookup {"found":true,"email":"ciaboc@iau.com"}
2026-06-02T04:54:31.247Z normalized-user {"id":5,"role":"ciaboc","isActive":true,"hasPasswordHash":true}
2026-06-02T04:54:31.568Z password-check {"email":"ciaboc@iau.com","valid":true}
2026-06-02T05:02:40.190Z attempt {"hasEmail":true,"hasPassword":true}
2026-06-02T05:02:40.342Z lookup {"found":true,"email":"admin@iau.com"}
2026-06-02T05:02:40.348Z normalized-user {"id":1,"role":"admin","isActive":true,"hasPasswordHash":true}
2026-06-02T05:02:40.755Z password-check {"email":"admin@iau.com","valid":true}
2026-06-02T06:15:30.927Z attempt {"hasEmail":true,"hasPassword":true}
2026-06-02T06:15:31.069Z lookup {"found":true,"email":"admin@iau.com"}
2026-06-02T06:15:31.074Z normalized-user {"id":1,"role":"admin","isActive":true,"hasPasswordHash":true}
2026-06-02T06:15:31.450Z password-check {"email":"admin@iau.com","valid":true}
2026-06-02T09:57:18.747Z attempt {"hasEmail":true,"hasPassword":true}
2026-06-02T09:57:18.918Z lookup {"found":true,"email":"senior@iau.com"}
2026-06-02T09:57:18.923Z normalized-user {"id":2,"role":"senior_investigator","isActive":true,"hasPasswordHash":true}
2026-06-02T09:57:19.347Z password-check {"email":"senior@iau.com","valid":true}
2026-06-02T09:58:08.355Z attempt {"hasEmail":true,"hasPassword":true}
2026-06-02T09:58:08.464Z lookup {"found":true,"email":"admin@iau.com"}
2026-06-02T09:58:08.468Z normalized-user {"id":1,"role":"admin","isActive":true,"hasPasswordHash":true}
2026-06-02T09:58:08.848Z password-check {"email":"admin@iau.com","valid":true}
2026-06-02T09:59:20.139Z attempt {"hasEmail":true,"hasPassword":true}
2026-06-02T09:59:20.275Z lookup {"found":true,"email":"officer1@iau.com"}
2026-06-02T09:59:20.279Z normalized-user {"id":3,"role":"officer","isActive":true,"hasPasswordHash":true}
2026-06-02T09:59:20.664Z password-check {"email":"officer1@iau.com","valid":true}
2026-06-02T09:59:44.392Z attempt {"hasEmail":true,"hasPassword":true}
2026-06-02T09:59:44.400Z lookup {"found":true,"email":"admin@iau.com"}
2026-06-02T09:59:44.405Z normalized-user {"id":1,"role":"admin","isActive":true,"hasPasswordHash":true}
2026-06-02T09:59:44.735Z password-check {"email":"admin@iau.com","valid":true}
2026-06-02T10:02:15.492Z attempt {"hasEmail":true,"hasPassword":true}
2026-06-02T10:02:15.602Z lookup {"found":true,"email":"senior@iau.com"}
2026-06-02T10:02:15.605Z normalized-user {"id":2,"role":"senior_investigator","isActive":true,"hasPasswordHash":true}
2026-06-02T10:02:15.933Z password-check {"email":"senior@iau.com","valid":true}
2026-06-02T10:09:40.597Z attempt {"hasEmail":true,"hasPassword":true}
2026-06-02T10:09:40.736Z lookup {"found":true,"email":"ciaboc@iau.com"}
2026-06-02T10:09:40.740Z normalized-user {"id":5,"role":"ciaboc","isActive":true,"hasPasswordHash":true}
2026-06-02T10:09:41.095Z password-check {"email":"ciaboc@iau.com","valid":true}
2026-06-02T10:12:11.284Z attempt {"hasEmail":true,"hasPassword":true}
2026-06-02T10:12:11.474Z lookup {"found":true,"email":"admin@iau.com"}
2026-06-02T10:12:11.478Z normalized-user {"id":1,"role":"admin","isActive":true,"hasPasswordHash":true}
2026-06-02T10:12:11.777Z password-check {"email":"admin@iau.com","valid":true}
2026-06-02T10:13:04.824Z attempt {"hasEmail":true,"hasPassword":true}
2026-06-02T10:13:04.948Z lookup {"found":true,"email":"admin@iau.com"}
2026-06-02T10:13:04.952Z normalized-user {"id":1,"role":"admin","isActive":true,"hasPasswordHash":true}
2026-06-02T10:13:05.324Z password-check {"email":"admin@iau.com","valid":true}
2026-06-02T10:16:03.727Z attempt {"hasEmail":true,"hasPassword":true}
2026-06-02T10:16:03.738Z lookup {"found":true,"email":"senior@iau.com"}
2026-06-02T10:16:03.742Z normalized-user {"id":2,"role":"senior_investigator","isActive":true,"hasPasswordHash":true}
2026-06-02T10:16:04.106Z password-check {"email":"senior@iau.com","valid":true}
2026-06-02T10:16:16.401Z attempt {"hasEmail":true,"hasPassword":true}
2026-06-02T10:16:16.407Z lookup {"found":true,"email":"ciaboc@iau.com"}
2026-06-02T10:16:16.411Z normalized-user {"id":5,"role":"ciaboc","isActive":true,"hasPasswordHash":true}
2026-06-02T10:16:16.787Z password-check {"email":"ciaboc@iau.com","valid":true}
2026-06-02T10:18:17.779Z attempt {"hasEmail":true,"hasPassword":true}
2026-06-02T10:18:17.930Z lookup {"found":true,"email":"senior@iau.com"}
2026-06-02T10:18:17.935Z normalized-user {"id":2,"role":"senior_investigator","isActive":true,"hasPasswordHash":true}
2026-06-02T10:18:18.305Z password-check {"email":"senior@iau.com","valid":true}
2026-06-02T10:21:02.633Z attempt {"hasEmail":true,"hasPassword":true}
2026-06-02T10:21:02.642Z lookup {"found":true,"email":"officer1@iau.com"}
2026-06-02T10:21:02.645Z normalized-user {"id":3,"role":"officer","isActive":true,"hasPasswordHash":true}
2026-06-02T10:21:02.963Z password-check {"email":"officer1@iau.com","valid":true}
2026-06-02T10:21:59.878Z attempt {"hasEmail":true,"hasPassword":true}
2026-06-02T10:22:00.011Z lookup {"found":true,"email":"officer1@iau.com"}
2026-06-02T10:22:00.016Z normalized-user {"id":3,"role":"officer","isActive":true,"hasPasswordHash":true}
2026-06-02T10:22:00.381Z password-check {"email":"officer1@iau.com","valid":true}
2026-06-02T10:24:10.705Z attempt {"hasEmail":true,"hasPassword":true}
2026-06-02T10:24:10.845Z lookup {"found":true,"email":"officer1@iau.com"}
2026-06-02T10:24:10.849Z normalized-user {"id":3,"role":"officer","isActive":true,"hasPasswordHash":true}
2026-06-02T10:24:11.208Z password-check {"email":"officer1@iau.com","valid":true}
2026-06-02T10:24:42.882Z attempt {"hasEmail":true,"hasPassword":true}
2026-06-02T10:24:42.984Z lookup {"found":true,"email":"officer2@iau.com"}
2026-06-02T10:24:42.988Z normalized-user {"id":4,"role":"officer","isActive":true,"hasPasswordHash":true}
2026-06-02T10:24:43.319Z password-check {"email":"officer2@iau.com","valid":true}
2026-06-02T10:24:53.279Z attempt {"hasEmail":true,"hasPassword":true}
2026-06-02T10:24:53.287Z lookup {"found":true,"email":"admin@iau.com"}
2026-06-02T10:24:53.292Z normalized-user {"id":1,"role":"admin","isActive":true,"hasPasswordHash":true}
2026-06-02T10:24:53.606Z password-check {"email":"admin@iau.com","valid":true}
2026-06-02T10:24:59.286Z attempt {"hasEmail":true,"hasPassword":true}
2026-06-02T10:24:59.293Z lookup {"found":true,"email":"senior@iau.com"}
2026-06-02T10:24:59.297Z normalized-user {"id":2,"role":"senior_investigator","isActive":true,"hasPasswordHash":true}
2026-06-02T10:24:59.659Z password-check {"email":"senior@iau.com","valid":true}
2026-06-02T10:25:06.762Z attempt {"hasEmail":true,"hasPassword":true}
2026-06-02T10:25:06.768Z lookup {"found":true,"email":"ciaboc@iau.com"}
2026-06-02T10:25:06.773Z normalized-user {"id":5,"role":"ciaboc","isActive":true,"hasPasswordHash":true}
2026-06-02T10:25:07.097Z password-check {"email":"ciaboc@iau.com","valid":true}
2026-06-02T10:26:24.053Z attempt {"hasEmail":true,"hasPassword":true}
2026-06-02T10:26:24.169Z lookup {"found":true,"email":"officer1@iau.com"}
2026-06-02T10:26:24.174Z normalized-user {"id":3,"role":"officer","isActive":true,"hasPasswordHash":true}
2026-06-02T10:26:24.526Z password-check {"email":"officer1@iau.com","valid":true}
2026-06-02T10:27:04.934Z attempt {"hasEmail":true,"hasPassword":true}
2026-06-02T10:27:04.941Z lookup {"found":true,"email":"senior@iau.com"}
2026-06-02T10:27:04.946Z normalized-user {"id":2,"role":"senior_investigator","isActive":true,"hasPasswordHash":true}
2026-06-02T10:27:05.264Z password-check {"email":"senior@iau.com","valid":true}
2026-06-02T10:27:22.649Z attempt {"hasEmail":true,"hasPassword":true}
2026-06-02T10:27:22.757Z lookup {"found":true,"email":"officer1@iau.com"}
2026-06-02T10:27:22.761Z normalized-user {"id":3,"role":"officer","isActive":true,"hasPasswordHash":true}
2026-06-02T10:27:23.062Z password-check {"email":"officer1@iau.com","valid":true}
2026-06-02T10:27:35.984Z attempt {"hasEmail":true,"hasPassword":true}
2026-06-02T10:27:35.992Z lookup {"found":true,"email":"senior@iau.com"}
2026-06-02T10:27:35.995Z normalized-user {"id":2,"role":"senior_investigator","isActive":true,"hasPasswordHash":true}
2026-06-02T10:27:36.312Z password-check {"email":"senior@iau.com","valid":true}
2026-06-02T10:28:39.551Z attempt {"hasEmail":true,"hasPassword":true}
2026-06-02T10:28:39.557Z lookup {"found":true,"email":"officer1@iau.com"}
2026-06-02T10:28:39.561Z normalized-user {"id":3,"role":"officer","isActive":true,"hasPasswordHash":true}
2026-06-02T10:28:39.907Z password-check {"email":"officer1@iau.com","valid":true}
2026-06-03T03:33:16.500Z attempt {"hasEmail":true,"hasPassword":true}
2026-06-03T03:33:16.741Z lookup {"found":true,"email":"officer1@iau.com"}
2026-06-03T03:33:16.745Z normalized-user {"id":3,"role":"officer","isActive":true,"hasPasswordHash":true}
2026-06-03T03:33:17.237Z password-check {"email":"officer1@iau.com","valid":true}
2026-06-03T03:33:44.053Z attempt {"hasEmail":true,"hasPassword":true}
2026-06-03T03:33:44.062Z lookup {"found":true,"email":"senior@iau.com"}
2026-06-03T03:33:44.066Z normalized-user {"id":2,"role":"senior_investigator","isActive":true,"hasPasswordHash":true}
2026-06-03T03:33:44.445Z password-check {"email":"senior@iau.com","valid":true}
2026-06-03T03:36:29.428Z attempt {"hasEmail":true,"hasPassword":true}
2026-06-03T03:36:29.662Z lookup {"found":true,"email":"ciaboc@iau.com"}
2026-06-03T03:36:29.665Z normalized-user {"id":5,"role":"ciaboc","isActive":true,"hasPasswordHash":true}
2026-06-03T03:36:30.031Z password-check {"email":"ciaboc@iau.com","valid":true}
2026-06-03T03:55:51.977Z attempt {"hasEmail":true,"hasPassword":true}
2026-06-03T03:55:51.987Z lookup {"found":true,"email":"ciaboc@iau.com"}
2026-06-03T03:55:51.993Z normalized-user {"id":5,"role":"ciaboc","isActive":true,"hasPasswordHash":true}
2026-06-03T03:55:52.372Z password-check {"email":"ciaboc@iau.com","valid":true}
2026-06-03T03:56:41.012Z attempt {"hasEmail":true,"hasPassword":true}
2026-06-03T03:56:41.129Z lookup {"found":true,"email":"senior@iau.com"}
2026-06-03T03:56:41.134Z normalized-user {"id":2,"role":"senior_investigator","isActive":true,"hasPasswordHash":true}
2026-06-03T03:56:41.456Z password-check {"email":"senior@iau.com","valid":true}
2026-06-04T09:10:20.046Z attempt {"hasEmail":true,"hasPassword":true}
2026-06-04T09:10:20.085Z lookup {"found":true,"email":"admin@iau.com"}
2026-06-04T09:10:20.086Z normalized-user {"id":1,"role":"Admin","isActive":true,"hasPasswordHash":true}
2026-06-04T09:10:20.162Z password-check {"email":"admin@iau.com","valid":true}
2026-06-04T10:57:22.958Z attempt {"hasEmail":true,"hasPassword":true}
2026-06-04T10:57:22.994Z lookup {"found":true,"email":"senior@iau.com"}
2026-06-04T10:57:22.995Z normalized-user {"id":3,"role":"senior_investigator","isActive":true,"hasPasswordHash":true}
2026-06-04T10:57:23.072Z password-check {"email":"senior@iau.com","valid":true}
